You are running cutadapt 1.7.1 with Python 2.7.6
Command line parameters: -a GATCGGAAGAGCACACGTCTGAACTCCAGTCAC /share/de/plasma_all_60a243166c4b6/plasma_all_60a243166c4b6/20190308sample11/20190308sample11_cat.fastq.gz
Maximum error rate: 10.00%
   No. of adapters: 1
   Processed reads:      1875580
   Processed bases:    236323080 bp (236.3 Mbp)
     Trimmed reads:      1861931 (99.3%)
     Trimmed bases:    204559756 bp (204.6 Mbp) (86.56% of total)
   Too short reads:            0 (0.0% of processed reads)
    Too long reads:            0 (0.0% of processed reads)
        Total time:     31.82 s
     Time per read:      0.017 ms

=== Adapter 1 ===

Sequence: GATCGGAAGAGCACACGTCTGAACTCCAGTCAC; Type: regular 3'; Length: 33; Trimmed: 1861931 times.

No. of allowed errors:
0-9 bp: 0; 10-19 bp: 1; 20-29 bp: 2; 30-33 bp: 3

Bases preceding removed adapters:
  A: 99.5%
  C: 0.1%
  G: 0.2%
  T: 0.2%
  none/other: 0.0%
WARNING:
    The adapter is preceded by "A" extremely often.
    The provided adapter sequence may be incomplete.
    To fix the problem, add "A" to the beginning of the adapter sequence.

Overview of removed sequences
length	count	expect	max.err	error counts
3	6	29305.9	0	6
4	1	7326.5	0	1
60	1	0.0	3	0 0 1
61	1	0.0	3	0 0 0 1
68	1	0.0	3	1
69	2	0.0	3	0 0 0 2
70	2	0.0	3	0 1 1
71	1	0.0	3	0 0 1
72	2	0.0	3	0 2
73	1	0.0	3	1
74	5	0.0	3	1 1 0 3
75	2	0.0	3	1 0 1
76	4	0.0	3	3 1
77	3	0.0	3	3
78	8	0.0	3	7 0 1
79	4	0.0	3	4
80	5	0.0	3	5
81	8	0.0	3	7 1
82	12	0.0	3	10 1 1
83	19	0.0	3	16 2 1
84	52	0.0	3	44 8
85	55	0.0	3	46 8 1
86	58	0.0	3	50 6 2
87	80	0.0	3	65 11 3 1
88	242	0.0	3	200 33 8 1
89	465	0.0	3	379 59 16 11
90	744	0.0	3	608 107 20 9
91	925	0.0	3	772 117 28 8
92	1725	0.0	3	1468 205 39 13
93	3826	0.0	3	3235 456 102 33
94	12873	0.0	3	10914 1530 314 115
95	16163	0.0	3	13820 1802 377 164
96	13955	0.0	3	12074 1437 318 126
97	20502	0.0	3	17561 2313 458 170
98	20180	0.0	3	17136 2352 518 174
99	23917	0.0	3	20420 2821 501 175
100	35450	0.0	3	30617 3838 738 257
101	51432	0.0	3	42615 7058 1363 396
102	67575	0.0	3	57313 8120 1660 482
103	120615	0.0	3	102779 14532 2568 736
104	97266	0.0	3	82716 12065 1959 526
105	85714	0.0	3	73694 9761 1725 534
106	76894	0.0	3	67343 7806 1370 375
107	99781	0.0	3	86980 10518 1754 529
108	84984	0.0	3	74357 8784 1432 411
109	95446	0.0	3	84145 9355 1474 472
110	90319	0.0	3	80173 8229 1475 442
111	140892	0.0	3	121915 15777 2559 641
112	88324	0.0	3	78373 8239 1317 395
113	82670	0.0	3	72496 8375 1406 393
114	110480	0.0	3	96563 11671 1779 467
115	63312	0.0	3	55887 6213 978 234
116	70881	0.0	3	62928 6624 1045 284
117	27527	0.0	3	24196 2805 427 99
118	30347	0.0	3	26644 3135 465 103
119	13462	0.0	3	11677 1483 247 55
120	9789	0.0	3	8590 999 153 47
121	4673	0.0	3	4076 504 78 15
122	4114	0.0	3	3531 496 73 14
123	3373	0.0	3	2870 435 61 7
124	7557	0.0	3	6471 937 120 29
125	182923	0.0	3	158726 20909 2757 531
126	281	0.0	3	218 51 7 5

WARNING:
    One or more of your adapter sequences may be incomplete.
    Please see the detailed output above.
Started analysis of 20190308sample11-trimmed.fastq
Approx 5% complete for 20190308sample11-trimmed.fastq
Approx 10% complete for 20190308sample11-trimmed.fastq
Approx 15% complete for 20190308sample11-trimmed.fastq
Approx 20% complete for 20190308sample11-trimmed.fastq
Approx 25% complete for 20190308sample11-trimmed.fastq
Approx 30% complete for 20190308sample11-trimmed.fastq
Approx 35% complete for 20190308sample11-trimmed.fastq
Approx 40% complete for 20190308sample11-trimmed.fastq
Approx 45% complete for 20190308sample11-trimmed.fastq
Approx 50% complete for 20190308sample11-trimmed.fastq
Approx 55% complete for 20190308sample11-trimmed.fastq
Approx 60% complete for 20190308sample11-trimmed.fastq
Approx 65% complete for 20190308sample11-trimmed.fastq
Approx 70% complete for 20190308sample11-trimmed.fastq
Approx 75% complete for 20190308sample11-trimmed.fastq
Approx 80% complete for 20190308sample11-trimmed.fastq
Approx 85% complete for 20190308sample11-trimmed.fastq
Approx 90% complete for 20190308sample11-trimmed.fastq
Approx 95% complete for 20190308sample11-trimmed.fastq
Approx 100% complete for 20190308sample11-trimmed.fastq
Started analysis of 20190308sample11-nofilt-trimmed.fastq
Approx 5% complete for 20190308sample11-nofilt-trimmed.fastq
Approx 10% complete for 20190308sample11-nofilt-trimmed.fastq
Approx 15% complete for 20190308sample11-nofilt-trimmed.fastq
Approx 20% complete for 20190308sample11-nofilt-trimmed.fastq
Approx 25% complete for 20190308sample11-nofilt-trimmed.fastq
Approx 30% complete for 20190308sample11-nofilt-trimmed.fastq
Approx 35% complete for 20190308sample11-nofilt-trimmed.fastq
Approx 40% complete for 20190308sample11-nofilt-trimmed.fastq
Approx 45% complete for 20190308sample11-nofilt-trimmed.fastq
Approx 50% complete for 20190308sample11-nofilt-trimmed.fastq
Approx 55% complete for 20190308sample11-nofilt-trimmed.fastq
Approx 60% complete for 20190308sample11-nofilt-trimmed.fastq
Approx 65% complete for 20190308sample11-nofilt-trimmed.fastq
Approx 70% complete for 20190308sample11-nofilt-trimmed.fastq
Approx 75% complete for 20190308sample11-nofilt-trimmed.fastq
Approx 80% complete for 20190308sample11-nofilt-trimmed.fastq
Approx 85% complete for 20190308sample11-nofilt-trimmed.fastq
Approx 90% complete for 20190308sample11-nofilt-trimmed.fastq
Approx 95% complete for 20190308sample11-nofilt-trimmed.fastq
Approx 100% complete for 20190308sample11-nofilt-trimmed.fastq
mac2unix: converting file /share/de/plasma_all_60a243166c4b6/plasma_all_60a243166c4b6/20190308sample11/error.log to Unix format ...
mac2unix: converting file /share/de/plasma_all_60a243166c4b6/plasma_all_60a243166c4b6/20190308sample11/output.log to Unix format ...
Warning messages:
1: In scan(file = file, what = what, sep = sep, quote = quote, dec = dec,  :
  EOF within quoted string
2: In scan(file = file, what = what, sep = sep, quote = quote, dec = dec,  :
  number of items read is not a multiple of the number of columns

        ==========     _____ _    _ ____  _____  ______          _____  
        =====         / ____| |  | |  _ \|  __ \|  ____|   /\   |  __ \ 
          =====      | (___ | |  | | |_) | |__) | |__     /  \  | |  | |
            ====      \___ \| |  | |  _ <|  _  /|  __|   / /\ \ | |  | |
              ====    ____) | |__| | |_) | | \ \| |____ / ____ \| |__| |
        ==========   |_____/ \____/|____/|_|  \_\______/_/    \_\_____/
	  v1.4.6

//========================== featureCounts setting ===========================\\
||                                                                            ||
||             Input files : 1 BAM file                                       ||
||                           S /share/de/plasma_all_60a243166c4b6/2019030 ... ||
||                                                                            ||
||             Output file : /share/de/plasma_all_60a243166c4b6/plasma_al ... ||
||             Annotations : /home/vsac/database2/all/saf/all.saf (SAF)       ||
||                                                                            ||
||                 Threads : 1                                                ||
||                   Level : meta-feature level                               ||
||              Paired-end : no                                               ||
||         Strand specific : no                                               ||
||      Multimapping reads : not counted                                      ||
|| Multi-overlapping reads : not counted                                      ||
||                                                                            ||
\\===================== http://subread.sourceforge.net/ ======================//

//================================= Running ==================================\\
||                                                                            ||
|| Load annotation file /home/vsac/database2/all/saf/all.saf ...              ||
||    Features : 23571                                                        ||
||    Meta-features : 23571                                                   ||
||    Chromosomes : 23571                                                     ||
||                                                                            ||
|| Process BAM file /share/de/plasma_all_60a243166c4b6/20190308sample11-a ... ||
||    Single-end reads are included.                                          ||
||    Assign reads to features...                                             ||
||    Total reads : 524390                                                    ||
||    Successfully assigned reads : 19 (0.0%)                                 ||
||    Running time : 0.01 minutes                                             ||
||                                                                            ||
||                         Read assignment finished.                          ||
||                                                                            ||
\\===================== http://subread.sourceforge.net/ ======================//

cat: 20190308sample11: No such file or directory
