You are running cutadapt 1.7.1 with Python 2.7.6
Command line parameters: -a GATCGGAAGAGCACACGTCTGAACTCCAGTCAC /share/de/plasma_all_60a243166c4b6/plasma_all_60a243166c4b6/20190308sample5/20190308sample5_cat.fastq.gz
Maximum error rate: 10.00%
   No. of adapters: 1
   Processed reads:      3012027
   Processed bases:    379515402 bp (379.5 Mbp)
     Trimmed reads:      2978983 (98.9%)
     Trimmed bases:    329872892 bp (329.9 Mbp) (86.92% of total)
   Too short reads:            0 (0.0% of processed reads)
    Too long reads:            0 (0.0% of processed reads)
        Total time:     53.21 s
     Time per read:      0.018 ms

=== Adapter 1 ===

Sequence: GATCGGAAGAGCACACGTCTGAACTCCAGTCAC; Type: regular 3'; Length: 33; Trimmed: 2978983 times.

No. of allowed errors:
0-9 bp: 0; 10-19 bp: 1; 20-29 bp: 2; 30-33 bp: 3

Bases preceding removed adapters:
  A: 99.5%
  C: 0.1%
  G: 0.1%
  T: 0.2%
  none/other: 0.0%
WARNING:
    The adapter is preceded by "A" extremely often.
    The provided adapter sequence may be incomplete.
    To fix the problem, add "A" to the beginning of the adapter sequence.

Overview of removed sequences
length	count	expect	max.err	error counts
3	11	47062.9	0	11
4	1	11765.7	0	1
10	1	2.9	1	0 1
11	1	0.7	1	0 1
25	1	0.0	2	0 0 1
40	1	0.0	3	0 1
45	1	0.0	3	0 0 0 1
47	1	0.0	3	0 0 1
49	1	0.0	3	0 1
52	3	0.0	3	0 1 1 1
53	6	0.0	3	1 1 1 3
54	2	0.0	3	0 0 1 1
55	3	0.0	3	0 0 1 2
56	1	0.0	3	0 1
57	4	0.0	3	1 1 0 2
58	5	0.0	3	0 0 2 3
59	4	0.0	3	0 1 2 1
60	3	0.0	3	1 1 1
61	2	0.0	3	0 0 2
62	9	0.0	3	3 1 2 3
63	6	0.0	3	2 2 1 1
64	18	0.0	3	8 5 4 1
65	6	0.0	3	2 2 2
66	9	0.0	3	4 3 1 1
67	8	0.0	3	1 2 5
68	6	0.0	3	3 0 2 1
69	8	0.0	3	4 3 1
70	7	0.0	3	1 5 1
71	13	0.0	3	6 5 0 2
72	3	0.0	3	1 1 0 1
73	5	0.0	3	4 1
74	10	0.0	3	3 5 0 2
75	17	0.0	3	10 3 2 2
76	14	0.0	3	11 1 0 2
77	14	0.0	3	9 5
78	11	0.0	3	8 2 0 1
79	11	0.0	3	7 3 1
80	12	0.0	3	9 2 0 1
81	31	0.0	3	22 6 2 1
82	40	0.0	3	36 3 1
83	44	0.0	3	35 7 0 2
84	226	0.0	3	182 32 9 3
85	130	0.0	3	104 18 5 3
86	111	0.0	3	97 11 3
87	219	0.0	3	173 33 8 5
88	560	0.0	3	463 77 15 5
89	1120	0.0	3	957 118 29 16
90	2032	0.0	3	1656 273 78 25
91	2781	0.0	3	2358 318 80 25
92	4828	0.0	3	4086 563 123 56
93	9580	0.0	3	8222 1043 223 92
94	31662	0.0	3	27098 3457 755 352
95	39347	0.0	3	33671 4297 998 381
96	30198	0.0	3	25953 3158 737 350
97	40696	0.0	3	35063 4403 865 365
98	36418	0.0	3	31314 3955 847 302
99	46277	0.0	3	39792 5074 1022 389
100	55713	0.0	3	48584 5700 1095 334
101	54701	0.0	3	46128 6772 1376 425
102	97879	0.0	3	83603 11266 2205 805
103	158455	0.0	3	137172 17336 2984 963
104	129844	0.0	3	112326 14356 2453 709
105	144653	0.0	3	126460 15044 2425 724
106	114777	0.0	3	101363 11152 1718 544
107	148470	0.0	3	131568 14079 2169 654
108	126659	0.0	3	111094 12947 2026 592
109	147226	0.0	3	129931 14321 2238 736
110	118008	0.0	3	105369 10303 1767 569
111	216777	0.0	3	189143 23206 3554 874
112	119178	0.0	3	106506 10517 1690 465
113	107311	0.0	3	94382 10783 1712 434
114	126286	0.0	3	111091 12804 1882 509
115	83677	0.0	3	74057 8110 1232 278
116	130577	0.0	3	117467 11140 1567 403
117	42208	0.0	3	37532 3904 605 167
118	45780	0.0	3	40508 4497 603 172
119	23827	0.0	3	21036 2321 385 85
120	14145	0.0	3	12569 1326 197 53
121	6353	0.0	3	5641 613 86 13
122	5255	0.0	3	4538 621 82 14
123	4202	0.0	3	3681 429 78 14
124	8939	0.0	3	7930 866 114 29
125	500698	0.0	3	445190 48045 6014 1449
126	846	0.0	3	669 133 18 26

WARNING:
    One or more of your adapter sequences may be incomplete.
    Please see the detailed output above.
Started analysis of 20190308sample5-trimmed.fastq
Approx 5% complete for 20190308sample5-trimmed.fastq
Approx 10% complete for 20190308sample5-trimmed.fastq
Approx 15% complete for 20190308sample5-trimmed.fastq
Approx 20% complete for 20190308sample5-trimmed.fastq
Approx 25% complete for 20190308sample5-trimmed.fastq
Approx 30% complete for 20190308sample5-trimmed.fastq
Approx 35% complete for 20190308sample5-trimmed.fastq
Approx 40% complete for 20190308sample5-trimmed.fastq
Approx 45% complete for 20190308sample5-trimmed.fastq
Approx 50% complete for 20190308sample5-trimmed.fastq
Approx 55% complete for 20190308sample5-trimmed.fastq
Approx 60% complete for 20190308sample5-trimmed.fastq
Approx 65% complete for 20190308sample5-trimmed.fastq
Approx 70% complete for 20190308sample5-trimmed.fastq
Approx 75% complete for 20190308sample5-trimmed.fastq
Approx 80% complete for 20190308sample5-trimmed.fastq
Approx 85% complete for 20190308sample5-trimmed.fastq
Approx 90% complete for 20190308sample5-trimmed.fastq
Approx 95% complete for 20190308sample5-trimmed.fastq
Approx 100% complete for 20190308sample5-trimmed.fastq
Started analysis of 20190308sample5-nofilt-trimmed.fastq
Approx 5% complete for 20190308sample5-nofilt-trimmed.fastq
Approx 10% complete for 20190308sample5-nofilt-trimmed.fastq
Approx 15% complete for 20190308sample5-nofilt-trimmed.fastq
Approx 20% complete for 20190308sample5-nofilt-trimmed.fastq
Approx 25% complete for 20190308sample5-nofilt-trimmed.fastq
Approx 30% complete for 20190308sample5-nofilt-trimmed.fastq
Approx 35% complete for 20190308sample5-nofilt-trimmed.fastq
Approx 40% complete for 20190308sample5-nofilt-trimmed.fastq
Approx 45% complete for 20190308sample5-nofilt-trimmed.fastq
Approx 50% complete for 20190308sample5-nofilt-trimmed.fastq
Approx 55% complete for 20190308sample5-nofilt-trimmed.fastq
Approx 60% complete for 20190308sample5-nofilt-trimmed.fastq
Approx 65% complete for 20190308sample5-nofilt-trimmed.fastq
Approx 70% complete for 20190308sample5-nofilt-trimmed.fastq
Approx 75% complete for 20190308sample5-nofilt-trimmed.fastq
Approx 80% complete for 20190308sample5-nofilt-trimmed.fastq
Approx 85% complete for 20190308sample5-nofilt-trimmed.fastq
Approx 90% complete for 20190308sample5-nofilt-trimmed.fastq
Approx 95% complete for 20190308sample5-nofilt-trimmed.fastq
Approx 100% complete for 20190308sample5-nofilt-trimmed.fastq
/tmp/slurmd/job43827/slurm_script: line 510: 29196 Killed                  STAR_2.4.1d --outFileNamePrefix $FULLPATH-genome --genomeDir $PATH_TO_DATABASE/$REFERENCE/star --runThreadN $cores --readFilesIn $INPUT_DIR/$ID-unmapped.fa --outFilterMismatchNoverLmax 0.00 --outFilterMismatchNmax 0 --alignIntronMax 1 --outFilterMatchNmin 15 --outFilterScoreMinOverLread 0 --outFilterMatchNminOverLread 0 --outSAMtype BAM Unsorted --scoreDelOpen -25 --scoreInsOpen -25 --scoreDelBase -25 --scoreInsBase -25 --alignEndsType EndToEnd --outSAMunmapped Within --outStd BAM_Unsorted > $INPUT_DIR/$ID-genome.bam
[bam_header_read] bgzf_check_EOF: Invalid argument
[bam_header_read] invalid BAM binary header (this is not a BAM file).
[main_samview] fail to read the header from "/share/de/plasma_all_60a243166c4b6/20190308sample5-genome.bam".
[bam_header_read] bgzf_check_EOF: Invalid argument
[bam_header_read] invalid BAM binary header (this is not a BAM file).
[main_samview] fail to read the header from "/share/de/plasma_all_60a243166c4b6/20190308sample5-unmapped-genome.bam".
Error in file(file, "rt") : cannot open the connection
Calls: read.table -> file
In addition: Warning message:
In file(file, "rt") :
  cannot open file '/share/de/plasma_all_60a243166c4b6/plasma_all_60a243166c4b6/20190308sample5/output-mpa.labels_filt.log': No such file or directory
Execution halted

EXITING because of fatal input ERROR: could not open readFilesIn=/share/de/plasma_all_60a243166c4b6/20190308sample5-unclassified.txt

May 17 15:27:04 ...... FATAL ERROR, exiting

        ==========     _____ _    _ ____  _____  ______          _____  
        =====         / ____| |  | |  _ \|  __ \|  ____|   /\   |  __ \ 
          =====      | (___ | |  | | |_) | |__) | |__     /  \  | |  | |
            ====      \___ \| |  | |  _ <|  _  /|  __|   / /\ \ | |  | |
              ====    ____) | |__| | |_) | | \ \| |____ / ____ \| |__| |
        ==========   |_____/ \____/|____/|_|  \_\______/_/    \_\_____/
	  v1.4.6

//========================== featureCounts setting ===========================\\
||                                                                            ||
||             Input files : 1 unknown file                                   ||
||                           ? /share/de/plasma_all_60a243166c4b6/2019030 ... ||
||                                                                            ||
||             Output file : /share/de/plasma_all_60a243166c4b6/plasma_al ... ||
||             Annotations : /home/vsac/database2/all/saf/all.saf (SAF)       ||
||                                                                            ||
||                 Threads : 1                                                ||
||                   Level : meta-feature level                               ||
||              Paired-end : no                                               ||
||         Strand specific : no                                               ||
||      Multimapping reads : not counted                                      ||
|| Multi-overlapping reads : not counted                                      ||
||                                                                            ||
\\===================== http://subread.sourceforge.net/ ======================//

//================================= Running ==================================\\
||                                                                            ||
|| Load annotation file /home/vsac/database2/all/saf/all.saf ...              ||
||    Features : 23571                                                        ||
||    Meta-features : 23571                                                   ||
||    Chromosomes : 23571                                                     ||
||                                                                            ||
|| Process Unknown file /share/de/plasma_all_60a243166c4b6/20190308sample ... ||
||    Single-end reads are included.                                          ||
|| WARNING file '/share/de/plasma_all_60a243166c4b6/20190308sample5-all.b ... ||
||    Assign reads to features...                                             ||
||    Total reads : 0                                                         ||
||    Successfully assigned reads : 0                                         ||
||    Running time : 0.00 minutes                                             ||
||                                                                            ||
||                         Read assignment finished.                          ||
||                                                                            ||
\\===================== http://subread.sourceforge.net/ ======================//

cat: 20190308sample5: No such file or directory
grep: /share/de/plasma_all_60a243166c4b6/plasma_all_60a243166c4b6/20190308sample5/20190308sample5-genomeLog.final.out: No such file or directory
awk: cmd. line:1: fatal: cannot open file `/share/de/plasma_all_60a243166c4b6/plasma_all_60a243166c4b6/20190308sample5/output-mpa.labels.log' for reading (No such file or directory)
grep: /share/de/plasma_all_60a243166c4b6/plasma_all_60a243166c4b6/20190308sample5/20190308sample5-allLog.final.out: No such file or directory
cat: /share/de/plasma_all_60a243166c4b6/plasma_all_60a243166c4b6/20190308sample5/output-mpa.labels_filt.log: No such file or directory
Error in /tmp/slurmd/job43827/slurm_script:505 (approximation), [fastqToCountsSmallrna.sh: /share/de/plasma_all_60a243166c4b6/plasma_all_60a243166c4b6/20190308sample5 / tanward@ethz.ch], execution directory /home/oasis, {grep-stderr:d48421a73939054539b3159c7ed19c67}
