You are running cutadapt 1.7.1 with Python 2.7.6
Command line parameters: -a GATCGGAAGAGCACACGTCTGAACTCCAGTCAC /share/de/plasma_all_60a243166c4b6/plasma_all_60a243166c4b6/20190110sample2/20190110sample2_cat.fastq.gz
Maximum error rate: 10.00%
   No. of adapters: 1
   Processed reads:     12841746
   Processed bases:   1618059996 bp (1618.1 Mbp)
     Trimmed reads:     12457201 (97.0%)
     Trimmed bases:   1033645035 bp (1033.6 Mbp) (63.88% of total)
   Too short reads:            0 (0.0% of processed reads)
    Too long reads:            0 (0.0% of processed reads)
        Total time:    229.76 s
     Time per read:      0.018 ms

=== Adapter 1 ===

Sequence: GATCGGAAGAGCACACGTCTGAACTCCAGTCAC; Type: regular 3'; Length: 33; Trimmed: 12457201 times.

No. of allowed errors:
0-9 bp: 0; 10-19 bp: 1; 20-29 bp: 2; 30-33 bp: 3

Bases preceding removed adapters:
  A: 99.4%
  C: 0.1%
  G: 0.2%
  T: 0.4%
  none/other: 0.0%
WARNING:
    The adapter is preceded by "A" extremely often.
    The provided adapter sequence may be incomplete.
    To fix the problem, add "A" to the beginning of the adapter sequence.

Overview of removed sequences
length	count	expect	max.err	error counts
3	8619	200652.3	0	8619
4	2223	50163.1	0	2223
5	4289	12540.8	0	4289
6	3829	3135.2	0	3829
7	3984	783.8	0	3984
8	4384	195.9	0	4384
9	4172	49.0	0	4095 77
10	9081	12.2	1	6570 2511
11	10627	3.1	1	8330 2297
12	11265	0.8	1	8267 2998
13	8412	0.2	1	5237 3175
14	9969	0.0	1	7248 2721
15	10384	0.0	1	6718 3666
16	9550	0.0	1	7179 2371
17	7999	0.0	1	5900 2099
18	11336	0.0	1	8692 1905 739
19	16704	0.0	1	4010 10546 2148
20	14261	0.0	2	8413 4393 1455
21	9320	0.0	2	3083 4115 2122
22	8674	0.0	2	3798 3113 1763
23	9759	0.0	2	5528 2339 1892
24	21216	0.0	2	11445 6315 3456
25	17014	0.0	2	11361 3959 1694
26	12318	0.0	2	6794 3900 1624
27	17535	0.0	2	11713 3767 1754 301
28	20880	0.0	2	9077 3139 4056 4608
29	18225	0.0	2	9793 5250 2468 714
30	10315	0.0	3	6082 2546 1170 517
31	12701	0.0	3	5011 4876 1928 886
32	12372	0.0	3	3450 5398 2445 1079
33	15283	0.0	3	8410 4163 1919 791
34	13392	0.0	3	7004 3873 1668 847
35	20716	0.0	3	12897 4634 2018 1167
36	19912	0.0	3	12945 4276 1706 985
37	18423	0.0	3	12777 3590 1384 672
38	29729	0.0	3	20935 5597 2105 1092
39	32329	0.0	3	23692 5511 2036 1090
40	21085	0.0	3	15771 3443 1228 643
41	22135	0.0	3	16912 3583 1103 537
42	29471	0.0	3	22532 4700 1465 774
43	50040	0.0	3	38285 8092 2392 1271
44	92553	0.0	3	71020 14663 4673 2197
45	83975	0.0	3	64948 13034 4021 1972
46	52202	0.0	3	41204 7732 2229 1037
47	44459	0.0	3	35366 6325 1920 848
48	42711	0.0	3	34508 5808 1663 732
49	215728	0.0	3	172307 30695 8415 4311
50	240161	0.0	3	194746 32448 9006 3961
51	153237	0.0	3	125966 19541 5457 2273
52	204567	0.0	3	169368 25129 6999 3071
53	189063	0.0	3	159573 21399 5551 2540
54	118667	0.0	3	100864 13053 3247 1503
55	65436	0.0	3	54937 7714 1978 807
56	54685	0.0	3	46216 6220 1549 700
57	91253	0.0	3	78475 9490 2287 1001
58	77532	0.0	3	66410 8312 1905 905
59	59025	0.0	3	50288 6498 1550 689
60	65136	0.0	3	55947 6818 1612 759
61	120733	0.0	3	104212 12507 2799 1215
62	168346	0.0	3	145254 17285 4018 1789
63	145729	0.0	3	126565 14448 3310 1406
64	184447	0.0	3	160770 18315 3786 1576
65	94857	0.0	3	82549 9301 2140 867
66	73601	0.0	3	64383 7131 1493 594
67	57202	0.0	3	50077 5515 1142 468
68	83782	0.0	3	73430 7908 1776 668
69	82705	0.0	3	72356 7854 1740 755
70	53357	0.0	3	46962 4958 1013 424
71	112253	0.0	3	98846 10334 2212 861
72	67284	0.0	3	59544 6002 1247 491
73	49725	0.0	3	43982 4496 876 371
74	71939	0.0	3	63589 6530 1307 513
75	89202	0.0	3	78644 8266 1664 628
76	93125	0.0	3	82137 8601 1723 664
77	67293	0.0	3	59329 6222 1271 471
78	76953	0.0	3	68323 6791 1307 532
79	80158	0.0	3	70741 7306 1504 607
80	92593	0.0	3	82260 8118 1590 625
81	147739	0.0	3	130997 13081 2618 1043
82	164834	0.0	3	146460 14253 2940 1181
83	177925	0.0	3	158012 15349 3158 1406
84	603717	0.0	3	536838 51055 10751 5073
85	291379	0.0	3	258463 25273 5227 2416
86	161826	0.0	3	143587 14043 2887 1309
87	159208	0.0	3	141431 13627 2893 1257
88	341187	0.0	3	303824 28460 6092 2811
89	385567	0.0	3	343522 32002 6822 3221
90	299542	0.0	3	265600 25654 5632 2656
91	206145	0.0	3	182342 18266 3887 1650
92	183657	0.0	3	162872 15986 3334 1465
93	223234	0.0	3	197931 19318 4209 1776
94	438189	0.0	3	385750 39501 8947 3991
95	494422	0.0	3	437153 43984 9439 3846
96	258216	0.0	3	227463 23646 5072 2035
97	307595	0.0	3	270698 27940 6397 2560
98	164407	0.0	3	145764 14543 2941 1159
99	142404	0.0	3	126084 12739 2565 1016
100	155193	0.0	3	137729 13727 2693 1044
101	153414	0.0	3	136354 13499 2578 983
102	190263	0.0	3	169008 16561 3338 1356
103	260762	0.0	3	232489 22265 4319 1689
104	191113	0.0	3	170572 16097 3201 1243
105	179040	0.0	3	159871 15119 2897 1153
106	141889	0.0	3	126591 12222 2227 849
107	169846	0.0	3	151307 14733 2731 1075
108	141435	0.0	3	125481 12509 2472 973
109	151461	0.0	3	134531 13478 2539 913
110	126663	0.0	3	113166 10709 2041 747
111	181717	0.0	3	161752 15757 3079 1129
112	119281	0.0	3	105792 10676 2111 702
113	104643	0.0	3	93206 9163 1639 635
114	128484	0.0	3	114348 11195 2128 813
115	78213	0.0	3	69797 6706 1245 465
116	89560	0.0	3	79121 8183 1655 601
117	44040	0.0	3	39262 3852 672 254
118	46314	0.0	3	41391 3980 704 239
119	34570	0.0	3	30918 2976 509 167
120	22351	0.0	3	19927 2017 329 78
121	6908	0.0	3	6134 614 113 47
122	3724	0.0	3	3310 320 74 20
123	2633	0.0	3	2349 221 42 21
124	5328	0.0	3	4782 443 74 29
125	267245	0.0	3	239829 23362 3114 940
126	312	0.0	3	260 40 5 7

WARNING:
    One or more of your adapter sequences may be incomplete.
    Please see the detailed output above.
Started analysis of 20190110sample2-trimmed.fastq
Approx 5% complete for 20190110sample2-trimmed.fastq
Approx 10% complete for 20190110sample2-trimmed.fastq
Approx 15% complete for 20190110sample2-trimmed.fastq
Approx 20% complete for 20190110sample2-trimmed.fastq
Approx 25% complete for 20190110sample2-trimmed.fastq
Approx 30% complete for 20190110sample2-trimmed.fastq
Approx 35% complete for 20190110sample2-trimmed.fastq
Approx 40% complete for 20190110sample2-trimmed.fastq
Approx 45% complete for 20190110sample2-trimmed.fastq
Approx 50% complete for 20190110sample2-trimmed.fastq
Approx 55% complete for 20190110sample2-trimmed.fastq
Approx 60% complete for 20190110sample2-trimmed.fastq
Approx 65% complete for 20190110sample2-trimmed.fastq
Approx 70% complete for 20190110sample2-trimmed.fastq
Approx 75% complete for 20190110sample2-trimmed.fastq
Approx 80% complete for 20190110sample2-trimmed.fastq
Approx 85% complete for 20190110sample2-trimmed.fastq
Approx 90% complete for 20190110sample2-trimmed.fastq
Approx 95% complete for 20190110sample2-trimmed.fastq
Approx 100% complete for 20190110sample2-trimmed.fastq
Started analysis of 20190110sample2-nofilt-trimmed.fastq
Approx 5% complete for 20190110sample2-nofilt-trimmed.fastq
Approx 10% complete for 20190110sample2-nofilt-trimmed.fastq
Approx 15% complete for 20190110sample2-nofilt-trimmed.fastq
Approx 20% complete for 20190110sample2-nofilt-trimmed.fastq
Approx 25% complete for 20190110sample2-nofilt-trimmed.fastq
Approx 30% complete for 20190110sample2-nofilt-trimmed.fastq
Approx 35% complete for 20190110sample2-nofilt-trimmed.fastq
Approx 40% complete for 20190110sample2-nofilt-trimmed.fastq
Approx 45% complete for 20190110sample2-nofilt-trimmed.fastq
Approx 50% complete for 20190110sample2-nofilt-trimmed.fastq
Approx 55% complete for 20190110sample2-nofilt-trimmed.fastq
Approx 60% complete for 20190110sample2-nofilt-trimmed.fastq
Approx 65% complete for 20190110sample2-nofilt-trimmed.fastq
Approx 70% complete for 20190110sample2-nofilt-trimmed.fastq
Approx 75% complete for 20190110sample2-nofilt-trimmed.fastq
Approx 80% complete for 20190110sample2-nofilt-trimmed.fastq
Approx 85% complete for 20190110sample2-nofilt-trimmed.fastq
Approx 90% complete for 20190110sample2-nofilt-trimmed.fastq
Approx 95% complete for 20190110sample2-nofilt-trimmed.fastq
Approx 100% complete for 20190110sample2-nofilt-trimmed.fastq
Error in file(file, "rt") : cannot open the connection
Calls: read.table -> file
In addition: Warning message:
In file(file, "rt") :
  cannot open file '/share/de/plasma_all_60a243166c4b6/plasma_all_60a243166c4b6/20190110sample2/output-mpa.labels_filt.log': No such file or directory
Execution halted

EXITING because of fatal input ERROR: could not open readFilesIn=/share/de/plasma_all_60a243166c4b6/20190110sample2-unclassified.txt

May 17 13:02:52 ...... FATAL ERROR, exiting

        ==========     _____ _    _ ____  _____  ______          _____  
        =====         / ____| |  | |  _ \|  __ \|  ____|   /\   |  __ \ 
          =====      | (___ | |  | | |_) | |__) | |__     /  \  | |  | |
            ====      \___ \| |  | |  _ <|  _  /|  __|   / /\ \ | |  | |
              ====    ____) | |__| | |_) | | \ \| |____ / ____ \| |__| |
        ==========   |_____/ \____/|____/|_|  \_\______/_/    \_\_____/
	  v1.4.6

//========================== featureCounts setting ===========================\\
||                                                                            ||
||             Input files : 1 unknown file                                   ||
||                           ? /share/de/plasma_all_60a243166c4b6/2019011 ... ||
||                                                                            ||
||             Output file : /share/de/plasma_all_60a243166c4b6/plasma_al ... ||
||             Annotations : /home/vsac/database2/all/saf/all.saf (SAF)       ||
||                                                                            ||
||                 Threads : 1                                                ||
||                   Level : meta-feature level                               ||
||              Paired-end : no                                               ||
||         Strand specific : no                                               ||
||      Multimapping reads : not counted                                      ||
|| Multi-overlapping reads : not counted                                      ||
||                                                                            ||
\\===================== http://subread.sourceforge.net/ ======================//

//================================= Running ==================================\\
||                                                                            ||
|| Load annotation file /home/vsac/database2/all/saf/all.saf ...              ||
||    Features : 23571                                                        ||
||    Meta-features : 23571                                                   ||
||    Chromosomes : 23571                                                     ||
||                                                                            ||
|| Process Unknown file /share/de/plasma_all_60a243166c4b6/20190110sample ... ||
||    Single-end reads are included.                                          ||
|| WARNING file '/share/de/plasma_all_60a243166c4b6/20190110sample2-all.b ... ||
||    Assign reads to features...                                             ||
||    Total reads : 0                                                         ||
||    Successfully assigned reads : 0                                         ||
||    Running time : 0.00 minutes                                             ||
||                                                                            ||
||                         Read assignment finished.                          ||
||                                                                            ||
\\===================== http://subread.sourceforge.net/ ======================//

cat: 20190110sample2: No such file or directory
awk: cmd. line:1: fatal: cannot open file `/share/de/plasma_all_60a243166c4b6/plasma_all_60a243166c4b6/20190110sample2/output-mpa.labels.log' for reading (No such file or directory)
grep: /share/de/plasma_all_60a243166c4b6/plasma_all_60a243166c4b6/20190110sample2/20190110sample2-allLog.final.out: No such file or directory
cat: /share/de/plasma_all_60a243166c4b6/plasma_all_60a243166c4b6/20190110sample2/output-mpa.labels_filt.log: No such file or directory
Error in /tmp/slurmd/job43814/slurm_script:505 (approximation), [fastqToCountsSmallrna.sh: /share/de/plasma_all_60a243166c4b6/plasma_all_60a243166c4b6/20190110sample2 / tanward@ethz.ch], execution directory /home/oasis, {grep-stderr:5e9b3c6b7fce61080b7a4d0dcf456ac1}
