You are running cutadapt 1.7.1 with Python 2.7.6
Command line parameters: -a GATCGGAAGAGCACACGTCTGAACTCCAGTCAC /share/de/plasma_all_60a243166c4b6/plasma_all_60a243166c4b6/20190110sample9/20190110sample9_cat.fastq.gz
Maximum error rate: 10.00%
   No. of adapters: 1
   Processed reads:     14423460
   Processed bases:   1817355960 bp (1817.4 Mbp)
     Trimmed reads:     14046798 (97.4%)
     Trimmed bases:   1150987777 bp (1151.0 Mbp) (63.33% of total)
   Too short reads:            0 (0.0% of processed reads)
    Too long reads:            0 (0.0% of processed reads)
        Total time:    269.38 s
     Time per read:      0.019 ms

=== Adapter 1 ===

Sequence: GATCGGAAGAGCACACGTCTGAACTCCAGTCAC; Type: regular 3'; Length: 33; Trimmed: 14046798 times.

No. of allowed errors:
0-9 bp: 0; 10-19 bp: 1; 20-29 bp: 2; 30-33 bp: 3

Bases preceding removed adapters:
  A: 99.2%
  C: 0.1%
  G: 0.2%
  T: 0.5%
  none/other: 0.0%
WARNING:
    The adapter is preceded by "A" extremely often.
    The provided adapter sequence may be incomplete.
    To fix the problem, add "A" to the beginning of the adapter sequence.

Overview of removed sequences
length	count	expect	max.err	error counts
3	7904	225366.6	0	7904
4	1688	56341.6	0	1688
5	2410	14085.4	0	2410
6	2563	3521.4	0	2563
7	2875	880.3	0	2875
8	3636	220.1	0	3636
9	3893	55.0	0	3779 114
10	8172	13.8	1	6074 2098
11	10552	3.4	1	8058 2494
12	10654	0.9	1	7895 2759
13	7743	0.2	1	4391 3352
14	9720	0.1	1	6850 2870
15	14043	0.0	1	9085 4958
16	14005	0.0	1	10527 3478
17	9538	0.0	1	6788 2750
18	12546	0.0	1	9489 2211 846
19	17666	0.0	1	4120 11042 2504
20	14247	0.0	2	8121 4570 1556
21	11598	0.0	2	3893 4992 2713
22	11726	0.0	2	5221 3986 2519
23	12203	0.0	2	7066 2842 2295
24	33836	0.0	2	18853 9696 5287
25	25775	0.0	2	17100 5963 2712
26	13545	0.0	2	7383 4305 1857
27	23862	0.0	2	15316 5394 2686 466
28	23649	0.0	2	8348 3144 4993 7164
29	21756	0.0	2	10046 6910 3573 1227
30	14945	0.0	3	8034 4080 1960 871
31	18098	0.0	3	7128 6617 3018 1335
32	19594	0.0	3	5607 8496 3872 1619
33	25731	0.0	3	14241 7003 3083 1404
34	20193	0.0	3	10732 5664 2543 1254
35	26467	0.0	3	16848 5802 2503 1314
36	28731	0.0	3	19250 5889 2421 1171
37	26697	0.0	3	18797 5039 1867 994
38	41950	0.0	3	30060 7462 3011 1417
39	42876	0.0	3	31712 7331 2637 1196
40	28997	0.0	3	21942 4735 1579 741
41	31663	0.0	3	24396 4801 1688 778
42	39983	0.0	3	30596 6301 2106 980
43	71158	0.0	3	55257 10850 3468 1583
44	131036	0.0	3	100985 20061 6945 3045
45	104264	0.0	3	81820 15290 4971 2183
46	64277	0.0	3	50876 9290 2861 1250
47	55746	0.0	3	44790 7505 2377 1074
48	52404	0.0	3	42569 6929 2068 838
49	223602	0.0	3	180805 30055 8812 3930
50	224913	0.0	3	184443 28663 8270 3537
51	122304	0.0	3	101350 14785 4351 1818
52	184637	0.0	3	153526 21941 6377 2793
53	174946	0.0	3	147761 19315 5414 2456
54	137537	0.0	3	117055 14619 3971 1892
55	80644	0.0	3	68047 9075 2454 1068
56	63301	0.0	3	53714 6953 1845 789
57	143179	0.0	3	123356 14276 3748 1799
58	116003	0.0	3	99884 11747 3012 1360
59	79171	0.0	3	67456 8459 2265 991
60	83277	0.0	3	71371 8714 2271 921
61	124965	0.0	3	107962 12463 3139 1401
62	147689	0.0	3	128197 14442 3567 1483
63	140974	0.0	3	123129 13301 3178 1366
64	308939	0.0	3	270405 29081 6818 2635
65	110509	0.0	3	96611 10380 2482 1036
66	91553	0.0	3	80089 8626 2011 827
67	74478	0.0	3	65276 6912 1595 695
68	82849	0.0	3	72703 7653 1713 780
69	93166	0.0	3	81571 8608 2139 848
70	64355	0.0	3	56723 5771 1313 548
71	83867	0.0	3	73716 7618 1813 720
72	66166	0.0	3	58526 5851 1268 521
73	61848	0.0	3	54616 5443 1267 522
74	101593	0.0	3	89630 9081 1983 899
75	118193	0.0	3	104202 10569 2479 943
76	112437	0.0	3	98782 10337 2359 959
77	88444	0.0	3	78096 7952 1709 687
78	107172	0.0	3	94750 9455 2140 827
79	127583	0.0	3	112225 11715 2572 1071
80	152686	0.0	3	135046 13476 2974 1190
81	241610	0.0	3	214135 20964 4584 1927
82	330317	0.0	3	292476 28164 6571 3106
83	321445	0.0	3	283972 27641 6635 3197
84	970731	0.0	3	860306 80776 19585 10064
85	363167	0.0	3	321202 30616 7586 3763
86	186958	0.0	3	165033 16122 3974 1829
87	200850	0.0	3	177303 17412 4142 1993
88	302796	0.0	3	268645 25162 6073 2916
89	321049	0.0	3	284651 26512 6631 3255
90	258642	0.0	3	228244 22220 5486 2692
91	202219	0.0	3	177945 17992 4259 2023
92	231329	0.0	3	203203 20679 5223 2224
93	268253	0.0	3	236158 23642 5856 2597
94	482593	0.0	3	422606 43472 11265 5250
95	355503	0.0	3	312002 32008 7823 3670
96	180847	0.0	3	158782 16331 4004 1730
97	180812	0.0	3	159008 16259 3889 1656
98	135445	0.0	3	119505 12041 2749 1150
99	145308	0.0	3	128530 12729 2877 1172
100	167737	0.0	3	148866 14287 3310 1274
101	160151	0.0	3	141941 14043 2994 1173
102	228000	0.0	3	201434 19955 4637 1974
103	392551	0.0	3	348013 33778 7570 3190
104	264442	0.0	3	234698 22803 4968 1973
105	180477	0.0	3	160504 15306 3303 1364
106	143546	0.0	3	127331 12412 2730 1073
107	166524	0.0	3	147534 14410 3279 1301
108	133003	0.0	3	117349 11951 2630 1073
109	139015	0.0	3	123265 12210 2530 1010
110	135894	0.0	3	120453 11935 2512 994
111	167723	0.0	3	147900 15032 3426 1365
112	131850	0.0	3	115893 12131 2726 1100
113	108283	0.0	3	95742 9546 2157 838
114	121651	0.0	3	107830 10498 2359 964
115	77194	0.0	3	68204 6879 1527 584
116	82441	0.0	3	72361 7636 1697 747
117	34009	0.0	3	30075 3025 677 232
118	33073	0.0	3	29506 2796 553 218
119	14090	0.0	3	12556 1211 247 76
120	9309	0.0	3	8179 897 173 60
121	5475	0.0	3	4798 542 101 34
122	5089	0.0	3	4499 460 92 38
123	4133	0.0	3	3702 354 52 25
124	7497	0.0	3	6744 608 103 42
125	383753	0.0	3	342192 34258 5516 1787
126	419	0.0	3	342 57 13 7

WARNING:
    One or more of your adapter sequences may be incomplete.
    Please see the detailed output above.
Started analysis of 20190110sample9-trimmed.fastq
Approx 5% complete for 20190110sample9-trimmed.fastq
Approx 10% complete for 20190110sample9-trimmed.fastq
Approx 15% complete for 20190110sample9-trimmed.fastq
Approx 20% complete for 20190110sample9-trimmed.fastq
Approx 25% complete for 20190110sample9-trimmed.fastq
Approx 30% complete for 20190110sample9-trimmed.fastq
Approx 35% complete for 20190110sample9-trimmed.fastq
Approx 40% complete for 20190110sample9-trimmed.fastq
Approx 45% complete for 20190110sample9-trimmed.fastq
Approx 50% complete for 20190110sample9-trimmed.fastq
Approx 55% complete for 20190110sample9-trimmed.fastq
Approx 60% complete for 20190110sample9-trimmed.fastq
Approx 65% complete for 20190110sample9-trimmed.fastq
Approx 70% complete for 20190110sample9-trimmed.fastq
Approx 75% complete for 20190110sample9-trimmed.fastq
Approx 80% complete for 20190110sample9-trimmed.fastq
Approx 85% complete for 20190110sample9-trimmed.fastq
Approx 90% complete for 20190110sample9-trimmed.fastq
Approx 95% complete for 20190110sample9-trimmed.fastq
Approx 100% complete for 20190110sample9-trimmed.fastq
Started analysis of 20190110sample9-nofilt-trimmed.fastq
Approx 5% complete for 20190110sample9-nofilt-trimmed.fastq
Approx 10% complete for 20190110sample9-nofilt-trimmed.fastq
Approx 15% complete for 20190110sample9-nofilt-trimmed.fastq
Approx 20% complete for 20190110sample9-nofilt-trimmed.fastq
Approx 25% complete for 20190110sample9-nofilt-trimmed.fastq
Approx 30% complete for 20190110sample9-nofilt-trimmed.fastq
Approx 35% complete for 20190110sample9-nofilt-trimmed.fastq
Approx 40% complete for 20190110sample9-nofilt-trimmed.fastq
Approx 45% complete for 20190110sample9-nofilt-trimmed.fastq
Approx 50% complete for 20190110sample9-nofilt-trimmed.fastq
Approx 55% complete for 20190110sample9-nofilt-trimmed.fastq
Approx 60% complete for 20190110sample9-nofilt-trimmed.fastq
Approx 65% complete for 20190110sample9-nofilt-trimmed.fastq
Approx 70% complete for 20190110sample9-nofilt-trimmed.fastq
Approx 75% complete for 20190110sample9-nofilt-trimmed.fastq
Approx 80% complete for 20190110sample9-nofilt-trimmed.fastq
Approx 85% complete for 20190110sample9-nofilt-trimmed.fastq
Approx 90% complete for 20190110sample9-nofilt-trimmed.fastq
Approx 95% complete for 20190110sample9-nofilt-trimmed.fastq
Approx 100% complete for 20190110sample9-nofilt-trimmed.fastq
mac2unix: converting file /share/de/plasma_all_60a243166c4b6/plasma_all_60a243166c4b6/20190110sample9/error.log to Unix format ...
mac2unix: converting file /share/de/plasma_all_60a243166c4b6/plasma_all_60a243166c4b6/20190110sample9/output.log to Unix format ...

        ==========     _____ _    _ ____  _____  ______          _____  
        =====         / ____| |  | |  _ \|  __ \|  ____|   /\   |  __ \ 
          =====      | (___ | |  | | |_) | |__) | |__     /  \  | |  | |
            ====      \___ \| |  | |  _ <|  _  /|  __|   / /\ \ | |  | |
              ====    ____) | |__| | |_) | | \ \| |____ / ____ \| |__| |
        ==========   |_____/ \____/|____/|_|  \_\______/_/    \_\_____/
	  v1.4.6

//========================== featureCounts setting ===========================\\
||                                                                            ||
||             Input files : 1 BAM file                                       ||
||                           S /share/de/plasma_all_60a243166c4b6/2019011 ... ||
||                                                                            ||
||             Output file : /share/de/plasma_all_60a243166c4b6/plasma_al ... ||
||             Annotations : /home/vsac/database2/all/saf/all.saf (SAF)       ||
||                                                                            ||
||                 Threads : 1                                                ||
||                   Level : meta-feature level                               ||
||              Paired-end : no                                               ||
||         Strand specific : no                                               ||
||      Multimapping reads : not counted                                      ||
|| Multi-overlapping reads : not counted                                      ||
||                                                                            ||
\\===================== http://subread.sourceforge.net/ ======================//

//================================= Running ==================================\\
||                                                                            ||
|| Load annotation file /home/vsac/database2/all/saf/all.saf ...              ||
||    Features : 23571                                                        ||
||    Meta-features : 23571                                                   ||
||    Chromosomes : 23571                                                     ||
||                                                                            ||
|| Process BAM file /share/de/plasma_all_60a243166c4b6/20190110sample9-al ... ||
||    Single-end reads are included.                                          ||
||    Assign reads to features...                                             ||
||    Total reads : 1395322                                                   ||
||    Successfully assigned reads : 30 (0.0%)                                 ||
||    Running time : 0.03 minutes                                             ||
||                                                                            ||
||                         Read assignment finished.                          ||
||                                                                            ||
\\===================== http://subread.sourceforge.net/ ======================//

cat: 20190110sample9: No such file or directory
